<?xml version="1.0" encoding="UTF-8"?>
<!-- Generated by org.testng.reporters.JUnitXMLReporter -->
<testsuite hostname="DBN-PC" ignored="0" name="testCASES" tests="1" failures="1" timestamp="22 May 2019 07:44:04 GMT" time="13.355" errors="0">
  <testcase name="ebayAssignmentTest" time="9.63" classname="com.ebay.test.TestPage">
    <failure type="java.lang.NullPointerException">
      <![CDATA[java.lang.NullPointerException
at java.io.FileInputStream.<init>(Unknown Source)
at java.io.FileInputStream.<init>(Unknown Source)
at com.ebay.BasePage.BaseClass.propertiesFileReader(BaseClass.java:52)
at com.ebay.test.TestPage.ebayAssignmentTest(TestPage.java:26)
... Removed 24 stack frames]]>
    </failure>
  </testcase> <!-- ebayAssignmentTest -->
</testsuite> <!-- testCASES -->
